0 info it worked if it ends with ok
1 verbose cli [ '/usr/local/bin/node',
1 verbose cli   '/usr/local/bin/npm',
1 verbose cli   'run-script',
1 verbose cli   'dev' ]
2 info using npm@3.3.12
3 info using node@v5.4.0
4 verbose stack Error: ENOENT: no such file or directory, open '/home/ezequielmross/Projetos/bower-gapi-service-bar/package.json'
4 verbose stack     at Error (native)
5 verbose cwd /home/ezequielmross/Projetos/bower-gapi-service-bar
6 error Linux 3.10.0-327.el7.x86_64
7 error argv "/usr/local/bin/node" "/usr/local/bin/npm" "run-script" "dev"
8 error node v5.4.0
9 error npm  v3.3.12
10 error path /home/ezequielmross/Projetos/bower-gapi-service-bar/package.json
11 error code ENOENT
12 error errno -2
13 error syscall open
14 error enoent ENOENT: no such file or directory, open '/home/ezequielmross/Projetos/bower-gapi-service-bar/package.json'
14 error enoent This is most likely not a problem with npm itself
14 error enoent and is related to npm not being able to find a file.
15 verbose exit [ -2, true ]
